<?xml version="1.0" encoding="UTF-8"?>
<testng-results skipped="0" failed="0" total="0" passed="0">
  <reporter-output>
  </reporter-output>
  <suite name="com.geelaro.web.AutoCba.AppTest" duration-ms="5" started-at="2017-05-09T13:45:32Z" finished-at="2017-05-09T13:45:32Z">
    <groups>
    </groups>
    <test name="Command line test" duration-ms="5" started-at="2017-05-09T13:45:32Z" finished-at="2017-05-09T13:45:32Z">
    </test> <!-- Command line test -->
  </suite> <!-- com.geelaro.web.AutoCba.AppTest -->
</testng-results>
